2023-07-24T15:08:43,203 Using pip 23.2.1 from /opt/miniconda3/envs/psdr/lib/python3.9/site-packages/pip (python 3.9)
2023-07-24T15:08:43,204 Non-user install because site-packages writeable
2023-07-24T15:08:43,316 Created temporary directory: /tmp/pip-build-tracker-09svw6k4
2023-07-24T15:08:43,316 Initialized build tracking at /tmp/pip-build-tracker-09svw6k4
2023-07-24T15:08:43,316 Created build tracker: /tmp/pip-build-tracker-09svw6k4
2023-07-24T15:08:43,316 Entered build tracker: /tmp/pip-build-tracker-09svw6k4
2023-07-24T15:08:43,316 Created temporary directory: /tmp/pip-install-3608re2p
2023-07-24T15:08:43,316 Created temporary directory: /tmp/pip-ephem-wheel-cache-5p48kizp
2023-07-24T15:08:43,323 Processing /home/rsulzer/cpp/psdr/psdr
2023-07-24T15:08:43,324   Added file:///home/rsulzer/cpp/psdr/psdr to build tracker '/tmp/pip-build-tracker-09svw6k4'
2023-07-24T15:08:43,325   Created temporary directory: /tmp/pip-build-env-fz9v8onp
2023-07-24T15:08:43,326   Running command pip subprocess to install build dependencies
2023-07-24T15:08:43,524   Using pip 23.2.1 from /opt/miniconda3/envs/psdr/lib/python3.9/site-packages/pip (python 3.9)
2023-07-24T15:08:43,739   Collecting scikit-build-core>=0.4.3
2023-07-24T15:08:43,740     Obtaining dependency information for scikit-build-core>=0.4.3 from https://files.pythonhosted.org/packages/4e/01/36cd4b3a915780631ed0f058ccdbd2b03ad07499182c41476a8cb19b6d9e/scikit_build_core-0.4.7-py3-none-any.whl.metadata
2023-07-24T15:08:43,741     Using cached scikit_build_core-0.4.7-py3-none-any.whl.metadata (14 kB)
2023-07-24T15:08:43,775   Collecting nanobind>=1.3.2
2023-07-24T15:08:43,776     Obtaining dependency information for nanobind>=1.3.2 from https://files.pythonhosted.org/packages/67/ce/1b20a4c92f607eb7229775c0babb409484e5d62fcecc083f8d7d0a8b5270/nanobind-1.4.0-py3-none-any.whl.metadata
2023-07-24T15:08:43,777     Using cached nanobind-1.4.0-py3-none-any.whl.metadata (1.4 kB)
2023-07-24T15:08:43,858   Collecting pytest>=7.4.0
2023-07-24T15:08:43,859     Obtaining dependency information for pytest>=7.4.0 from https://files.pythonhosted.org/packages/33/b2/741130cbcf2bbfa852ed95a60dc311c9e232c7ed25bac3d9b8880a8df4ae/pytest-7.4.0-py3-none-any.whl.metadata
2023-07-24T15:08:43,861     Using cached pytest-7.4.0-py3-none-any.whl.metadata (8.0 kB)
2023-07-24T15:08:43,922   Collecting exceptiongroup (from scikit-build-core>=0.4.3)
2023-07-24T15:08:43,922     Obtaining dependency information for exceptiongroup from https://files.pythonhosted.org/packages/fe/17/f43b7c9ccf399d72038042ee72785c305f6c6fdc6231942f8ab99d995742/exceptiongroup-1.1.2-py3-none-any.whl.metadata
2023-07-24T15:08:43,923     Using cached exceptiongroup-1.1.2-py3-none-any.whl.metadata (6.1 kB)
2023-07-24T15:08:43,969   Collecting packaging>=20.9 (from scikit-build-core>=0.4.3)
2023-07-24T15:08:43,970     Using cached packaging-23.1-py3-none-any.whl (48 kB)
2023-07-24T15:08:44,008   Collecting tomli>=1.1 (from scikit-build-core>=0.4.3)
2023-07-24T15:08:44,009     Using cached tomli-2.0.1-py3-none-any.whl (12 kB)
2023-07-24T15:08:44,053   Collecting iniconfig (from pytest>=7.4.0)
2023-07-24T15:08:44,054     Using cached iniconfig-2.0.0-py3-none-any.whl (5.9 kB)
2023-07-24T15:08:44,090   Collecting pluggy<2.0,>=0.12 (from pytest>=7.4.0)
2023-07-24T15:08:44,090     Obtaining dependency information for pluggy<2.0,>=0.12 from https://files.pythonhosted.org/packages/51/32/4a79112b8b87b21450b066e102d6608907f4c885ed7b04c3fdb085d4d6ae/pluggy-1.2.0-py3-none-any.whl.metadata
2023-07-24T15:08:44,092     Using cached pluggy-1.2.0-py3-none-any.whl.metadata (4.4 kB)
2023-07-24T15:08:44,105   Using cached scikit_build_core-0.4.7-py3-none-any.whl (117 kB)
2023-07-24T15:08:44,107   Using cached nanobind-1.4.0-py3-none-any.whl (179 kB)
2023-07-24T15:08:44,109   Using cached pytest-7.4.0-py3-none-any.whl (323 kB)
2023-07-24T15:08:44,110   Using cached exceptiongroup-1.1.2-py3-none-any.whl (14 kB)
2023-07-24T15:08:44,111   Using cached pluggy-1.2.0-py3-none-any.whl (17 kB)
2023-07-24T15:08:44,168   Installing collected packages: nanobind, tomli, pluggy, packaging, iniconfig, exceptiongroup, scikit-build-core, pytest
2023-07-24T15:08:44,370     Creating /tmp/pip-build-env-fz9v8onp/overlay/bin
2023-07-24T15:08:44,370     changing mode of /tmp/pip-build-env-fz9v8onp/overlay/bin/py.test to 755
2023-07-24T15:08:44,370     changing mode of /tmp/pip-build-env-fz9v8onp/overlay/bin/pytest to 755
2023-07-24T15:08:44,373   Successfully installed exceptiongroup-1.1.2 iniconfig-2.0.0 nanobind-1.4.0 packaging-23.1 pluggy-1.2.0 pytest-7.4.0 scikit-build-core-0.4.7 tomli-2.0.1
2023-07-24T15:08:44,373   WARNING: Running pip as the 'root' user can result in broken permissions and conflicting behaviour with the system package manager. It is recommended to use a virtual environment instead: https://pip.pypa.io/warnings/venv
2023-07-24T15:08:44,416   Running command Getting requirements to build wheel
2023-07-24T15:08:44,487   Running command pip subprocess to install backend dependencies
2023-07-24T15:08:44,684   Using pip 23.2.1 from /opt/miniconda3/envs/psdr/lib/python3.9/site-packages/pip (python 3.9)
2023-07-24T15:08:44,892   Collecting pathspec
2023-07-24T15:08:44,894     Using cached pathspec-0.11.1-py3-none-any.whl (29 kB)
2023-07-24T15:08:44,925   Collecting pyproject_metadata
2023-07-24T15:08:44,926     Using cached pyproject_metadata-0.7.1-py3-none-any.whl (7.4 kB)
2023-07-24T15:08:44,978   Collecting packaging>=19.0 (from pyproject_metadata)
2023-07-24T15:08:44,979     Using cached packaging-23.1-py3-none-any.whl (48 kB)
2023-07-24T15:08:45,000   Installing collected packages: pathspec, packaging, pyproject_metadata
2023-07-24T15:08:45,029   Successfully installed packaging-23.1 pathspec-0.11.1 pyproject_metadata-0.7.1
2023-07-24T15:08:45,029   WARNING: Running pip as the 'root' user can result in broken permissions and conflicting behaviour with the system package manager. It is recommended to use a virtual environment instead: https://pip.pypa.io/warnings/venv
2023-07-24T15:08:45,067   Created temporary directory: /tmp/pip-modern-metadata-lghct2hh
2023-07-24T15:08:45,068   Running command Preparing metadata (pyproject.toml)
2023-07-24T15:08:45,154   *** scikit-build-core 0.4.7 using CMake 3.26.3 (metadata_wheel)
2023-07-24T15:08:45,158   2023-07-24 15:08:45,157 - scikit_build_core - WARNING - No license files found, set wheel.license-files to [] to suppress this warning
2023-07-24T15:08:45,170   Source in /home/rsulzer/cpp/psdr/psdr has version 0.0.1, which satisfies requirement pypsdr==0.0.1 from file:///home/rsulzer/cpp/psdr/psdr
2023-07-24T15:08:45,170   Removed pypsdr==0.0.1 from file:///home/rsulzer/cpp/psdr/psdr from build tracker '/tmp/pip-build-tracker-09svw6k4'
2023-07-24T15:08:45,172 Created temporary directory: /tmp/pip-unpack-hz51lkhk
2023-07-24T15:08:45,172 Building wheels for collected packages: pypsdr
2023-07-24T15:08:45,172   Created temporary directory: /tmp/pip-wheel-fhwrmlf9
2023-07-24T15:08:45,172   Destination directory: /tmp/pip-wheel-fhwrmlf9
2023-07-24T15:08:45,173   Running command Building wheel for pypsdr (pyproject.toml)
2023-07-24T15:08:45,260   *** scikit-build-core 0.4.7 using CMake 3.26.3 (wheel)
2023-07-24T15:08:45,264   2023-07-24 15:08:45,264 - scikit_build_core - WARNING - No license files found, set wheel.license-files to [] to suppress this warning
2023-07-24T15:08:45,264   *** Configuring CMake...
2023-07-24T15:08:45,277   2023-07-24 15:08:45,277 - scikit_build_core - WARNING - libdir/ldlibrary: /opt/miniconda3/envs/psdr/lib/libpython3.9.a is not a real file!
2023-07-24T15:08:45,277   2023-07-24 15:08:45,277 - scikit_build_core - WARNING - Can't find a Python library, got libdir=/opt/miniconda3/envs/psdr/lib, ldlibrary=libpython3.9.a, multiarch=x86_64-linux-gnu, masd=None
2023-07-24T15:08:45,283   loading initial cache file build/scikit/CMakeInit.txt
2023-07-24T15:08:45,368   -- Using header-only CGAL
2023-07-24T15:08:45,369   -- Targetting Ninja
2023-07-24T15:08:45,369   -- Using /usr/lib64/ccache/c++ compiler.
2023-07-24T15:08:45,373   -- Found Boost: /opt/miniconda3/envs/psdr/lib/cmake/Boost-1.72.0/BoostConfig.cmake (found suitable version "1.72.0", minimum required is "1.48")
2023-07-24T15:08:45,374   -- Boost include dirs: /opt/miniconda3/envs/psdr/include
2023-07-24T15:08:45,374   -- Boost libraries:
2023-07-24T15:08:45,374   -- Using gcc version 4 or later. Adding -frounding-math
2023-07-24T15:08:45,376   -- Build type: Release
2023-07-24T15:08:45,376   -- USING CXXFLAGS = ' -O3 -DNDEBUG'
2023-07-24T15:08:45,376   -- USING EXEFLAGS = ' '
2023-07-24T15:08:45,376   -- Requested component: MPFR
2023-07-24T15:08:45,376   -- Requested component: GMP
2023-07-24T15:08:45,427   -- Found Boost: /opt/miniconda3/envs/psdr/lib/cmake/Boost-1.72.0/BoostConfig.cmake (found version "1.72.0") found components: system filesystem thread serialization program_options
2023-07-24T15:08:45,512   -- Configuring done (0.2s)
2023-07-24T15:08:45,516   CMake Warning at /tmp/pip-build-env-fz9v8onp/overlay/lib/python3.9/site-packages/nanobind/cmake/nanobind-config.cmake:279 (add_library):
2023-07-24T15:08:45,516     Cannot generate a safe runtime search path for target pypsdr_ext because
2023-07-24T15:08:45,516     files in some directories may conflict with libraries in implicit
2023-07-24T15:08:45,516     directories:

2023-07-24T15:08:45,516       runtime library [libmpfr.so.6] in /usr/lib64 may be hidden by files in:
2023-07-24T15:08:45,516         /opt/miniconda3/envs/psdr/lib
2023-07-24T15:08:45,516       runtime library [libgmp.so.10] in /usr/lib64 may be hidden by files in:
2023-07-24T15:08:45,516         /opt/miniconda3/envs/psdr/lib
2023-07-24T15:08:45,516       runtime library [libz.so.1] in /usr/lib64 may be hidden by files in:
2023-07-24T15:08:45,516         /opt/miniconda3/envs/psdr/lib

2023-07-24T15:08:45,516     Some of these libraries may not be found correctly.
2023-07-24T15:08:45,516   Call Stack (most recent call first):
2023-07-24T15:08:45,516     CMakeLists.txt:70 (nanobind_add_module)


2023-07-24T15:08:45,517   -- Generating done (0.0s)
2023-07-24T15:08:45,520   -- Build files have been written to: /home/rsulzer/cpp/psdr/psdr/build/scikit
2023-07-24T15:08:45,523   *** Building project with Ninja...
2023-07-24T15:08:46,677   [1/15] Building CXX object CMakeFiles/nanobind-static.dir/tmp/pip-build-env-fz9v8onp/overlay/lib/python3.9/site-packages/nanobind/src/nb_static_property.cpp.o
2023-07-24T15:08:46,746   [2/15] Building CXX object CMakeFiles/nanobind-static.dir/tmp/pip-build-env-fz9v8onp/overlay/lib/python3.9/site-packages/nanobind/src/trampoline.cpp.o
2023-07-24T15:08:46,773   [3/15] Building CXX object CMakeFiles/nanobind-static.dir/tmp/pip-build-env-fz9v8onp/overlay/lib/python3.9/site-packages/nanobind/src/nb_enum.cpp.o
2023-07-24T15:08:46,822   [4/15] Building CXX object CMakeFiles/nanobind-static.dir/tmp/pip-build-env-fz9v8onp/overlay/lib/python3.9/site-packages/nanobind/src/nb_internals.cpp.o
2023-07-24T15:08:46,832   [5/15] Building CXX object CMakeFiles/nanobind-static.dir/tmp/pip-build-env-fz9v8onp/overlay/lib/python3.9/site-packages/nanobind/src/implicit.cpp.o
2023-07-24T15:08:46,921   [6/15] Building CXX object CMakeFiles/nanobind-static.dir/tmp/pip-build-env-fz9v8onp/overlay/lib/python3.9/site-packages/nanobind/src/error.cpp.o
2023-07-24T15:08:47,042   [7/15] Building CXX object CMakeFiles/nanobind-static.dir/tmp/pip-build-env-fz9v8onp/overlay/lib/python3.9/site-packages/nanobind/src/nb_ndarray.cpp.o
2023-07-24T15:08:47,051   [8/15] Building CXX object CMakeFiles/nanobind-static.dir/tmp/pip-build-env-fz9v8onp/overlay/lib/python3.9/site-packages/nanobind/src/common.cpp.o
2023-07-24T15:08:47,269   [9/15] Building CXX object CMakeFiles/nanobind-static.dir/tmp/pip-build-env-fz9v8onp/overlay/lib/python3.9/site-packages/nanobind/src/nb_func.cpp.o
2023-07-24T15:08:47,584   [10/15] Building CXX object CMakeFiles/nanobind-static.dir/tmp/pip-build-env-fz9v8onp/overlay/lib/python3.9/site-packages/nanobind/src/nb_type.cpp.o
2023-07-24T15:08:47,620   [11/15] Linking CXX static library libnanobind-static.a
2023-07-24T15:08:56,091   [12/15] Building CXX object CMakeFiles/pypsdr_ext.dir/src/python_binding.cpp.o
2023-07-24T15:09:24,958   [13/15] Building CXX object CMakeFiles/ShapeDetection.dir/src/shape_detector.cpp.o
2023-07-24T15:09:25,096   [14/15] Linking CXX static library libShapeDetection.a
2023-07-24T15:09:25,203   [15/15] Linking CXX shared module pypsdr_ext.cpython-39-x86_64-linux-gnu.so
2023-07-24T15:09:25,204   *** Installing project into wheel...
2023-07-24T15:09:25,211   -- Install configuration: "Release"
2023-07-24T15:09:25,211   -- Installing: /tmp/tmp6foz669u/wheel/platlib/pypsdr/pypsdr_ext.cpython-39-x86_64-linux-gnu.so
2023-07-24T15:09:25,212   -- Set runtime path of "/tmp/tmp6foz669u/wheel/platlib/pypsdr/pypsdr_ext.cpython-39-x86_64-linux-gnu.so" to ""
2023-07-24T15:09:25,212   *** Making wheel...
2023-07-24T15:09:25,288   *** Created pypsdr-0.0.1-cp39-cp39-manylinux_2_35_x86_64.whl...
2023-07-24T15:09:25,299   Created wheel for pypsdr: filename=pypsdr-0.0.1-cp39-cp39-manylinux_2_35_x86_64.whl size=571323 sha256=6cf7c6113db83203ac915663a12352ec2fb6be66007da9540f97863190275142
2023-07-24T15:09:25,299   Stored in directory: /tmp/pip-ephem-wheel-cache-5p48kizp/wheels/9e/8c/8a/32ccf278ff5f2a9dd470cf97bb3ad3a63fd5fc9091e47c4cd3
2023-07-24T15:09:25,301 Successfully built pypsdr
2023-07-24T15:09:25,316 Installing collected packages: pypsdr

2023-07-24T15:09:25,349 Successfully installed pypsdr-0.0.1
2023-07-24T15:09:25,350 WARNING: Running pip as the 'root' user can result in broken permissions and conflicting behaviour with the system package manager. It is recommended to use a virtual environment instead: https://pip.pypa.io/warnings/venv
2023-07-24T15:09:25,352 Remote version of pip: 23.2.1
2023-07-24T15:09:25,352 Local version of pip:  23.2.1
2023-07-24T15:09:25,352 Was pip installed by pip? False
2023-07-24T15:09:25,352 Removed build tracker: '/tmp/pip-build-tracker-09svw6k4'
